May 26, 2021 8:08:23 AM alien.config.ConfigUtils init
FINE: Configuration loaded. Own logging configuration: true, ML configuration detected: false
May 26, 2021 8:08:42 AM alien.config.ConfigUtils init
FINE: Configuration loaded. Own logging configuration: true, ML configuration detected: false
May 26, 2021 8:09:50 AM alien.config.ConfigUtils init
FINE: Configuration loaded. Own logging configuration: true, ML configuration detected: false
May 26, 2021 8:11:36 AM alien.config.ConfigUtils init
FINE: Configuration loaded. Own logging configuration: true, ML configuration detected: false
May 26, 2021 8:12:07 AM alien.config.ConfigUtils init
FINE: Configuration loaded. Own logging configuration: true, ML configuration detected: false
May 26, 2021 8:12:07 AM alien.monitoring.MonitorFactory getMonitorDataSender
FINE: ApMon destinations : [localhost]
May 26, 2021 8:12:08 AM alien.monitoring.MonitorFactory enableSelfMonitoring
FINE: Enabling background self monitoring of PID 22044 every 60 seconds
May 26, 2021 8:13:17 AM alien.config.ConfigUtils init
FINE: Configuration loaded. Own logging configuration: true, ML configuration detected: false
May 26, 2021 8:14:44 AM alien.config.ConfigUtils init
FINE: Configuration loaded. Own logging configuration: true, ML configuration detected: false
May 26, 2021 8:20:31 AM alien.config.ConfigUtils init
FINE: Configuration loaded. Own logging configuration: true, ML configuration detected: false
May 26, 2021 8:24:13 AM alien.config.ConfigUtils init
FINE: Configuration loaded. Own logging configuration: true, ML configuration detected: false
May 26, 2021 11:51:31 AM alien.config.ConfigUtils init
FINE: Configuration loaded. Own logging configuration: true, ML configuration detected: false
May 26, 2021 12:00:07 PM alien.config.ConfigUtils init
FINE: Configuration loaded. Own logging configuration: true, ML configuration detected: false
May 26, 2021 12:05:19 PM alien.config.ConfigUtils init
FINE: Configuration loaded. Own logging configuration: true, ML configuration detected: false
May 26, 2021 12:06:43 PM alien.config.ConfigUtils init
FINE: Configuration loaded. Own logging configuration: true, ML configuration detected: false
May 26, 2021 12:17:07 PM alien.config.ConfigUtils init
FINE: Configuration loaded. Own logging configuration: true, ML configuration detected: false
May 26, 2021 12:21:00 PM alien.config.ConfigUtils init
FINE: Configuration loaded. Own logging configuration: true, ML configuration detected: false
May 26, 2021 12:22:03 PM alien.config.ConfigUtils init
FINE: Configuration loaded. Own logging configuration: true, ML configuration detected: false
May 26, 2021 12:23:06 PM alien.config.ConfigUtils init
FINE: Configuration loaded. Own logging configuration: true, ML configuration detected: false
May 26, 2021 12:27:31 PM alien.config.ConfigUtils init
FINE: Configuration loaded. Own logging configuration: true, ML configuration detected: false
May 26, 2021 12:28:10 PM alien.config.ConfigUtils init
FINE: Configuration loaded. Own logging configuration: true, ML configuration detected: false
May 26, 2021 12:30:13 PM alien.config.ConfigUtils init
FINE: Configuration loaded. Own logging configuration: true, ML configuration detected: false
May 26, 2021 12:30:38 PM alien.config.ConfigUtils init
FINE: Configuration loaded. Own logging configuration: true, ML configuration detected: false
May 26, 2021 12:36:23 PM alien.config.ConfigUtils init
FINE: Configuration loaded. Own logging configuration: true, ML configuration detected: false
May 26, 2021 12:36:52 PM alien.config.ConfigUtils init
FINE: Configuration loaded. Own logging configuration: true, ML configuration detected: false
May 26, 2021 12:38:22 PM alien.config.ConfigUtils init
FINE: Configuration loaded. Own logging configuration: true, ML configuration detected: false
May 26, 2021 12:38:39 PM alien.config.ConfigUtils init
FINE: Configuration loaded. Own logging configuration: true, ML configuration detected: false
May 26, 2021 12:40:14 PM alien.config.ConfigUtils init
FINE: Configuration loaded. Own logging configuration: true, ML configuration detected: false
May 26, 2021 12:40:34 PM alien.config.ConfigUtils init
FINE: Configuration loaded. Own logging configuration: true, ML configuration detected: false
May 26, 2021 12:46:32 PM alien.config.ConfigUtils init
FINE: Configuration loaded. Own logging configuration: true, ML configuration detected: false
May 26, 2021 12:47:05 PM alien.config.ConfigUtils init
FINE: Configuration loaded. Own logging configuration: true, ML configuration detected: false
May 26, 2021 12:49:55 PM alien.config.ConfigUtils init
FINE: Configuration loaded. Own logging configuration: true, ML configuration detected: false
May 26, 2021 12:51:36 PM alien.config.ConfigUtils init
FINE: Configuration loaded. Own logging configuration: true, ML configuration detected: false
May 26, 2021 12:53:11 PM alien.config.ConfigUtils init
FINE: Configuration loaded. Own logging configuration: true, ML configuration detected: false
May 26, 2021 12:55:03 PM alien.config.ConfigUtils init
FINE: Configuration loaded. Own logging configuration: true, ML configuration detected: false
May 26, 2021 12:57:45 PM alien.config.ConfigUtils init
FINE: Configuration loaded. Own logging configuration: true, ML configuration detected: false
May 26, 2021 1:01:17 PM alien.config.ConfigUtils init
FINE: Configuration loaded. Own logging configuration: true, ML configuration detected: false
May 26, 2021 1:04:36 PM alien.config.ConfigUtils init
FINE: Configuration loaded. Own logging configuration: true, ML configuration detected: false
May 26, 2021 1:05:58 PM alien.config.ConfigUtils init
FINE: Configuration loaded. Own logging configuration: true, ML configuration detected: false
May 26, 2021 1:06:58 PM alien.config.ConfigUtils init
FINE: Configuration loaded. Own logging configuration: true, ML configuration detected: false
May 26, 2021 1:32:40 PM alien.config.ConfigUtils init
FINE: Configuration loaded. Own logging configuration: true, ML configuration detected: false
May 26, 2021 1:33:44 PM alien.config.ConfigUtils init
FINE: Configuration loaded. Own logging configuration: true, ML configuration detected: false
May 26, 2021 1:34:30 PM alien.config.ConfigUtils init
FINE: Configuration loaded. Own logging configuration: true, ML configuration detected: false
May 26, 2021 1:35:52 PM alien.config.ConfigUtils init
FINE: Configuration loaded. Own logging configuration: true, ML configuration detected: false
May 26, 2021 1:36:09 PM alien.config.ConfigUtils init
FINE: Configuration loaded. Own logging configuration: true, ML configuration detected: false
May 26, 2021 1:38:07 PM alien.config.ConfigUtils init
FINE: Configuration loaded. Own logging configuration: true, ML configuration detected: false
